<?xml version="1.0" encoding="UTF-8"?>
<testng-results skipped="0" failed="0" ignored="0" total="1" passed="1">
  <reporter-output>
  </reporter-output>
  <suite name="Default suite" duration-ms="58345" started-at="2020-12-11T14:35:06Z" finished-at="2020-12-11T14:36:04Z">
    <groups>
    </groups>
    <test name="Default test" duration-ms="58345" started-at="2020-12-11T14:35:06Z" finished-at="2020-12-11T14:36:04Z">
      <class name="Appium_Assignment.Appium_Test">
        <test-method status="PASS" signature="setup()[pri:0, instance:Appium_Assignment.Appium_Test@3025e68a]" name="setup" is-config="true" duration-ms="18982" started-at="2020-12-11T20:05:06Z" finished-at="2020-12-11T20:05:25Z">
          <reporter-output>
          </reporter-output>
        </test-method> <!-- setup -->
        <test-method status="PASS" signature="eBay()[pri:0, instance:Appium_Assignment.Appium_Test@3025e68a]" name="eBay" duration-ms="34538" started-at="2020-12-11T20:05:25Z" finished-at="2020-12-11T20:05:59Z">
          <reporter-output>
          </reporter-output>
        </test-method> <!-- eBay -->
        <test-method status="PASS" signature="teardown()[pri:0, instance:Appium_Assignment.Appium_Test@3025e68a]" name="teardown" is-config="true" duration-ms="4778" started-at="2020-12-11T20:05:59Z" finished-at="2020-12-11T20:06:04Z">
          <reporter-output>
          </reporter-output>
        </test-method> <!-- teardown -->
      </class> <!-- Appium_Assignment.Appium_Test -->
    </test> <!-- Default test -->
  </suite> <!-- Default suite -->
</testng-results>
